[2026-07-23 13:44:34] [STEP] Fase 0 - auditando codigo, checkout, assinatura e providers
[2026-07-23 13:44:35] [OK] Auditoria concluida: 187 arquivos relacionados.
[2026-07-23 13:44:35] [STEP] Executando npm.cmd run build
[2026-07-23 13:45:00] [OK] build inicial passou em 25.19s.
[2026-07-23 13:45:00] [STEP] Executando npm.cmd run lint
[2026-07-23 13:45:23] [WARN] lint inicial falhou com codigo 1.
[2026-07-23 13:45:23] [STEP] Aplicando fase: infrastructure
[2026-07-23 13:45:23] [INFO] Sem alteracao: CONFIGURACAO-MIGRACAO-ASAAS-ORCALY.md
[2026-07-23 13:45:23] [INFO] Sem alteracao: lib\payments\asaas-config.ts
[2026-07-23 13:45:23] [INFO] Sem alteracao: lib\payments\checkout-service.ts
[2026-07-23 13:45:23] [INFO] Sem alteracao: lib\payments\credential-encryption.ts
[2026-07-23 13:45:23] [INFO] Sem alteracao: lib\payments\financial-integration.ts
[2026-07-23 13:45:23] [INFO] Sem alteracao: lib\payments\idempotency.ts
[2026-07-23 13:45:23] [INFO] Sem alteracao: lib\payments\money.ts
[2026-07-23 13:45:23] [INFO] Sem alteracao: lib\payments\payment-errors.ts
[2026-07-23 13:45:23] [INFO] Sem alteracao: lib\payments\plan-fees.ts
[2026-07-23 13:45:23] [INFO] Sem alteracao: lib\payments\provider.ts
[2026-07-23 13:45:23] [INFO] Sem alteracao: lib\payments\provider-factory.ts
[2026-07-23 13:45:23] [INFO] Sem alteracao: lib\payments\providers\asaas.ts
[2026-07-23 13:45:23] [INFO] Sem alteracao: lib\payments\providers\mercado-pago.ts
[2026-07-23 13:45:23] [INFO] Sem alteracao: lib\payments\server-context.ts
[2026-07-23 13:45:23] [INFO] Sem alteracao: lib\payments\subscription-asaas.ts
[2026-07-23 13:45:23] [INFO] Sem alteracao: lib\payments\types.ts
[2026-07-23 13:45:23] [INFO] Sem alteracao: lib\plans\plan-config.ts
[2026-07-23 13:45:23] [INFO] Sem alteracao: PLANO-ROLLBACK-MIGRACAO-ASAAS-ORCALY.md
[2026-07-23 13:45:23] [STEP] Validando implementacao estatica
[2026-07-23 13:45:23] [OK] Validacao estatica concluida.
[2026-07-23 13:45:23] [STEP] Executando npm.cmd run lint
[2026-07-23 13:45:46] [WARN] lint final falhou com codigo 1.
[2026-07-23 13:45:46] [STEP] Executando npm.cmd run build
[2026-07-23 13:46:12] [OK] build final passou em 26.06s.
[2026-07-23 13:46:12] [INFO] Backup criado: RELATORIO-MIGRACAO-ASAAS-ORCALY.md
[2026-07-23 13:46:12] [OK] Atualizado: RELATORIO-MIGRACAO-ASAAS-ORCALY.md
